Build started 4/22/2017 6:11:24 PM.
     1>Project "c:\Users\Marina\documents\visual studio 2013\Projects\hw2\hw2\hw2.vcxproj" on node 2 (Build target(s)).
     1>ClCompile:
         C:\Program Files (x86)\Microsoft Visual Studio 12.0\VC\bin\CL.exe /c /ZI /nologo /W3 /WX- /sdl /Od /Oy- /D WIN32 /D _DEBUG /D _CONSOLE /D _LIB /D _UNICODE /D UNICODE /Gm /EHsc /RTC1 /MDd /GS /fp:precise /Zc:wchar_t /Zc:forScope /Fo"Debug\\" /Fd"Debug\vc120.pdb" /Gd /TP /analyze- /errorReport:prompt Elevator.cpp Source.cpp
         Elevator.cpp
     1>c:\users\marina\documents\visual studio 2013\projects\hw2\hw2\elevator.cpp(37): warning C4018: '<' : signed/unsigned mismatch
     1>c:\users\marina\documents\visual studio 2013\projects\hw2\hw2\elevator.cpp(44): warning C4018: '<' : signed/unsigned mismatch
     1>c:\users\marina\documents\visual studio 2013\projects\hw2\hw2\elevator.cpp(84): warning C4018: '<' : signed/unsigned mismatch
         Generating Code...
         Compiling...
         Source.cpp
     1>c:\users\marina\documents\visual studio 2013\projects\hw2\hw2\source.cpp(43): warning C4018: '<' : signed/unsigned mismatch
         Generating Code...
       Link:
         C:\Program Files (x86)\Microsoft Visual Studio 12.0\VC\bin\link.exe /ERRORREPORT:PROMPT /OUT:"c:\users\marina\documents\visual studio 2013\Projects\hw2\Debug\hw2.exe" /INCREMENTAL /NOLOGO kernel32.lib user32.lib gdi32.lib winspool.lib comdlg32.lib advapi32.lib shell32.lib ole32.lib oleaut32.lib uuid.lib odbc32.lib odbccp32.lib /MANIFEST /MANIFESTUAC:"level='asInvoker' uiAccess='false'" /manifest:embed /DEBUG /PDB:"c:\users\marina\documents\visual studio 2013\Projects\hw2\Debug\hw2.pdb" /SUBSYSTEM:CONSOLE /TLBID:1 /DYNAMICBASE /NXCOMPAT /IMPLIB:"c:\users\marina\documents\visual studio 2013\Projects\hw2\Debug\hw2.lib" /MACHINE:X86 Debug\Elevator.obj
         Debug\ElevatorStop.obj
         Debug\OutsideQuery.obj
         Debug\Query.obj
         Debug\Source.obj
         hw2.vcxproj -> c:\users\marina\documents\visual studio 2013\Projects\hw2\Debug\hw2.exe
     1>Done Building Project "c:\Users\Marina\documents\visual studio 2013\Projects\hw2\hw2\hw2.vcxproj" (Build target(s)).

Build succeeded.

Time Elapsed 00:00:03.18
