Build started 9/27/2016 10:35:20 AM.
     1>Project "c:\Users\Marina\documents\visual studio 2013\Projects\IsomorphicTrees\IsomorphicTrees\IsomorphicTrees.vcxproj" on node 2 (Build target(s)).
     1>ClCompile:
         C:\Program Files (x86)\Microsoft Visual Studio 12.0\VC\bin\CL.exe /c /ZI /nologo /W3 /WX- /sdl /Od /Oy- /D WIN32 /D _DEBUG /D _CONSOLE /D _LIB /D _UNICODE /D UNICODE /Gm /EHsc /RTC1 /MDd /GS /fp:precise /Zc:wchar_t /Zc:forScope /Fo"Debug\\" /Fd"Debug\vc120.pdb" /Gd /TP /analyze- /errorReport:prompt Node.cpp Source.cpp Tree.cpp
         Tree.cpp
         Source.cpp
     1>c:\users\marina\documents\visual studio 2013\projects\isomorphictrees\isomorphictrees\source.cpp(12): warning C4018: '<' : signed/unsigned mismatch
     1>c:\users\marina\documents\visual studio 2013\projects\isomorphictrees\isomorphictrees\source.cpp(38): warning C4018: '<' : signed/unsigned mismatch
     1>c:\users\marina\documents\visual studio 2013\projects\isomorphictrees\isomorphictrees\source.cpp(54): warning C4018: '<' : signed/unsigned mismatch
     1>c:\users\marina\documents\visual studio 2013\projects\isomorphictrees\isomorphictrees\source.cpp(81): warning C4018: '<' : signed/unsigned mismatch
     1>c:\users\marina\documents\visual studio 2013\projects\isomorphictrees\isomorphictrees\source.cpp(163): warning C4018: '<' : signed/unsigned mismatch
     1>c:\users\marina\documents\visual studio 2013\projects\isomorphictrees\isomorphictrees\source.cpp(180): warning C4018: '<' : signed/unsigned mismatch
     1>c:\users\marina\documents\visual studio 2013\projects\isomorphictrees\isomorphictrees\source.cpp(214): warning C4018: '<' : signed/unsigned mismatch
     1>c:\users\marina\documents\visual studio 2013\projects\isomorphictrees\isomorphictrees\source.cpp(220): warning C4018: '<' : signed/unsigned mismatch
         Node.cpp
         Generating Code...
       Link:
         C:\Program Files (x86)\Microsoft Visual Studio 12.0\VC\bin\link.exe /ERRORREPORT:PROMPT /OUT:"c:\users\marina\documents\visual studio 2013\Projects\IsomorphicTrees\Debug\IsomorphicTrees.exe" /INCREMENTAL /NOLOGO kernel32.lib user32.lib gdi32.lib winspool.lib comdlg32.lib advapi32.lib shell32.lib ole32.lib oleaut32.lib uuid.lib odbc32.lib odbccp32.lib /MANIFEST /MANIFESTUAC:"level='asInvoker' uiAccess='false'" /manifest:embed /DEBUG /PDB:"c:\users\marina\documents\visual studio 2013\Projects\IsomorphicTrees\Debug\IsomorphicTrees.pdb" /SUBSYSTEM:CONSOLE /TLBID:1 /DYNAMICBASE /NXCOMPAT /IMPLIB:"c:\users\marina\documents\visual studio 2013\Projects\IsomorphicTrees\Debug\IsomorphicTrees.lib" /MACHINE:X86 Debug\Node.obj
         Debug\Source.obj
         Debug\Tree.obj
         IsomorphicTrees.vcxproj -> c:\users\marina\documents\visual studio 2013\Projects\IsomorphicTrees\Debug\IsomorphicTrees.exe
     1>Done Building Project "c:\Users\Marina\documents\visual studio 2013\Projects\IsomorphicTrees\IsomorphicTrees\IsomorphicTrees.vcxproj" (Build target(s)).

Build succeeded.

Time Elapsed 00:00:04.49
